2021-12-06 01:17:34,887 Inicia proceso
2021-12-06 01:17:34,955 Converted retries value: 3 -> Retry(total=3, connect=None, read=None, redirect=None, status=None)
2021-12-06 01:17:34,955 [INFO] Estableciendo conexion con la camara C://Users//fdquinones//Documents//Projects//Utpl-maestria//Iglesia_2021_09_05_19_00.mp4
2021-12-06 01:17:35,035 Ingreso a procesar
2021-12-06 01:17:35,429 Ingreso a procesar
2021-12-06 01:17:35,770 Ingreso a procesar
2021-12-06 01:17:35,971 Ingreso a procesar
2021-12-06 01:17:36,079 Ingreso a procesar
2021-12-06 01:17:36,167 Ingreso a procesar
2021-12-06 01:17:36,268 Ingreso a procesar
2021-12-06 01:17:36,358 Ingreso a procesar
2021-12-06 01:17:36,469 Ingreso a procesar
2021-12-06 01:17:36,560 Ingreso a procesar
2021-12-06 01:17:36,652 Ingreso a procesar
2021-12-06 01:17:36,745 Ingreso a procesar
2021-12-06 01:17:36,835 Ingreso a procesar
2021-12-06 01:17:36,926 Ingreso a procesar
2021-12-06 01:17:37,026 Ingreso a procesar
2021-12-06 01:17:37,126 Ingreso a procesar
2021-12-06 01:17:37,219 Ingreso a procesar
2021-12-06 01:17:37,318 Ingreso a procesar
2021-12-06 01:17:37,409 Ingreso a procesar
2021-12-06 01:17:37,511 Ingreso a procesar
2021-12-06 01:17:37,606 Ingreso a procesar
2021-12-06 01:17:37,705 Ingreso a procesar
2021-12-06 01:17:37,799 Ingreso a procesar
2021-12-06 01:17:37,890 Ingreso a procesar
2021-12-06 01:17:37,985 Ingreso a procesar
2021-12-06 01:17:38,084 Ingreso a procesar
2021-12-06 01:17:38,181 Ingreso a procesar
2021-12-06 01:17:38,286 Ingreso a procesar
2021-12-06 01:17:38,384 Ingreso a procesar
2021-12-06 01:17:38,487 Ingreso a procesar
2021-12-06 01:17:38,582 Ingreso a procesar
2021-12-06 01:17:38,676 Ingreso a procesar
2021-12-06 01:17:38,803 Ingreso a procesar
2021-12-06 01:17:38,934 Ingreso a procesar
2021-12-06 01:17:39,040 Ingreso a procesar
2021-12-06 01:17:39,135 Ingreso a procesar
2021-12-06 01:17:39,283 Ingreso a procesar
2021-12-06 01:17:39,398 Ingreso a procesar
2021-12-06 01:17:39,565 Ingreso a procesar
2021-12-06 01:17:39,738 Ingreso a procesar
2021-12-06 01:17:39,853 Ingreso a procesar
2021-12-06 01:17:39,966 Ingreso a procesar
2021-12-06 01:17:40,090 Ingreso a procesar
2021-12-06 01:17:40,210 Ingreso a procesar
2021-12-06 01:17:40,377 Ingreso a procesar
2021-12-06 01:17:40,516 Ingreso a procesar
2021-12-06 01:17:40,606 Ingreso a procesar
2021-12-06 01:17:40,698 Ingreso a procesar
2021-12-06 01:17:40,792 Ingreso a procesar
2021-12-06 01:17:40,881 Ingreso a procesar
2021-12-06 01:17:40,970 Ingreso a procesar
2021-12-06 01:17:41,080 Ingreso a procesar
2021-12-06 01:17:41,176 Ingreso a procesar
2021-12-06 01:17:41,272 Ingreso a procesar
2021-12-06 01:17:41,385 Ingreso a procesar
2021-12-06 01:17:41,486 Ingreso a procesar
2021-12-06 01:17:41,582 Ingreso a procesar
2021-12-06 01:17:41,678 Ingreso a procesar
2021-12-06 01:17:41,779 Ingreso a procesar
2021-12-06 01:17:41,870 Ingreso a procesar
2021-12-06 01:17:41,964 Ingreso a procesar
2021-12-06 01:17:42,063 Ingreso a procesar
2021-12-06 01:17:42,156 Ingreso a procesar
2021-12-06 01:17:42,252 Ingreso a procesar
2021-12-06 01:17:42,355 Ingreso a procesar
2021-12-06 01:17:42,449 Ingreso a procesar
2021-12-06 01:17:42,551 Ingreso a procesar
2021-12-06 01:17:42,648 Ingreso a procesar
2021-12-06 01:17:42,775 Ingreso a procesar
2021-12-06 01:17:42,872 Ingreso a procesar
2021-12-06 01:17:42,964 Ingreso a procesar
2021-12-06 01:17:43,069 Ingreso a procesar
2021-12-06 01:17:43,168 Ingreso a procesar
2021-12-06 01:17:43,267 Ingreso a procesar
2021-12-06 01:17:43,377 Ingreso a procesar
2021-12-06 01:17:43,474 Ingreso a procesar
2021-12-06 01:17:43,573 Ingreso a procesar
2021-12-06 01:17:43,665 Ingreso a procesar
2021-12-06 01:17:43,780 Ingreso a procesar
2021-12-06 01:17:43,891 Ingreso a procesar
2021-12-06 01:17:44,000 Ingreso a procesar
2021-12-06 01:17:44,137 Ingreso a procesar
2021-12-06 01:17:44,261 Ingreso a procesar
2021-12-06 01:17:44,414 Ingreso a procesar
2021-12-06 01:17:44,538 Ingreso a procesar
2021-12-06 01:17:44,657 Ingreso a procesar
2021-12-06 01:17:44,787 Ingreso a procesar
2021-12-06 01:17:44,922 Ingreso a procesar
2021-12-06 01:17:45,013 Ingreso a procesar
2021-12-06 01:17:45,115 Ingreso a procesar
2021-12-06 01:17:45,220 Ingreso a procesar
2021-12-06 01:17:45,316 Ingreso a procesar
2021-12-06 01:17:45,426 Ingreso a procesar
2021-12-06 01:17:45,531 Ingreso a procesar
2021-12-06 01:17:45,625 Ingreso a procesar
2021-12-06 01:17:45,716 Ingreso a procesar
2021-12-06 01:17:45,812 Ingreso a procesar
2021-12-06 01:17:45,905 Ingreso a procesar
2021-12-06 01:17:46,001 Ingreso a procesar
2021-12-06 01:17:46,100 Ingreso a procesar
2021-12-06 01:17:46,201 Ingreso a procesar
2021-12-06 01:17:46,302 Ingreso a procesar
2021-12-06 01:17:46,413 Ingreso a procesar
2021-12-06 01:17:46,513 Ingreso a procesar
2021-12-06 01:17:46,610 Ingreso a procesar
2021-12-06 01:17:46,711 Ingreso a procesar
2021-12-06 01:17:46,807 Ingreso a procesar
2021-12-06 01:17:46,900 Ingreso a procesar
2021-12-06 01:17:46,994 Ingreso a procesar
2021-12-06 01:17:47,092 Ingreso a procesar
2021-12-06 01:17:47,192 Ingreso a procesar
2021-12-06 01:17:47,299 Ingreso a procesar
2021-12-06 01:17:47,415 Ingreso a procesar
2021-12-06 01:17:47,520 Ingreso a procesar
2021-12-06 01:17:47,614 Ingreso a procesar
2021-12-06 01:17:47,712 Ingreso a procesar
2021-12-06 01:17:47,808 Ingreso a procesar
2021-12-06 01:17:47,901 Ingreso a procesar
2021-12-06 01:17:47,993 Ingreso a procesar
2021-12-06 01:17:48,101 Ingreso a procesar
2021-12-06 01:17:48,200 Ingreso a procesar
2021-12-06 01:17:48,304 Ingreso a procesar
2021-12-06 01:17:48,460 Ingreso a procesar
2021-12-06 01:17:48,580 Ingreso a procesar
2021-12-06 01:17:48,696 Ingreso a procesar
2021-12-06 01:17:48,812 Ingreso a procesar
2021-12-06 01:17:48,932 Ingreso a procesar
2021-12-06 01:17:49,046 Ingreso a procesar
2021-12-06 01:17:49,165 Ingreso a procesar
2021-12-06 01:17:49,284 Ingreso a procesar
2021-12-06 01:17:49,408 Ingreso a procesar
2021-12-06 01:17:49,552 Ingreso a procesar
2021-12-06 01:17:49,640 Ingreso a procesar
2021-12-06 01:17:49,734 Ingreso a procesar
2021-12-06 01:17:49,827 Ingreso a procesar
2021-12-06 01:17:49,922 Ingreso a procesar
2021-12-06 01:17:50,023 Ingreso a procesar
2021-12-06 01:17:50,119 Ingreso a procesar
2021-12-06 01:17:50,216 Ingreso a procesar
2021-12-06 01:17:50,313 Ingreso a procesar
2021-12-06 01:17:50,410 Ingreso a procesar
2021-12-06 01:17:50,523 Ingreso a procesar
2021-12-06 01:17:50,612 Ingreso a procesar
2021-12-06 01:17:50,705 Ingreso a procesar
2021-12-06 01:17:50,796 Ingreso a procesar
2021-12-06 01:17:50,891 Ingreso a procesar
2021-12-06 01:17:50,986 Ingreso a procesar
2021-12-06 01:17:51,087 Ingreso a procesar
2021-12-06 01:17:51,195 Ingreso a procesar
2021-12-06 01:17:51,293 Ingreso a procesar
2021-12-06 01:17:51,390 Ingreso a procesar
2021-12-06 01:17:51,502 Ingreso a procesar
2021-12-06 01:17:51,598 Ingreso a procesar
2021-12-06 01:17:51,689 Ingreso a procesar
2021-12-06 01:17:51,786 Ingreso a procesar
2021-12-06 01:17:51,879 Ingreso a procesar
2021-12-06 01:17:51,982 Ingreso a procesar
2021-12-06 01:17:52,081 Ingreso a procesar
2021-12-06 01:17:52,178 Ingreso a procesar
2021-12-06 01:17:52,273 Ingreso a procesar
2021-12-06 01:17:52,371 Ingreso a procesar
2021-12-06 01:17:52,497 Ingreso a procesar
2021-12-06 01:17:52,608 Ingreso a procesar
2021-12-06 01:17:52,706 Ingreso a procesar
2021-12-06 01:17:52,804 Ingreso a procesar
2021-12-06 01:17:52,922 Ingreso a procesar
2021-12-06 01:17:53,041 Ingreso a procesar
2021-12-06 01:17:53,156 Ingreso a procesar
2021-12-06 01:17:53,279 Ingreso a procesar
2021-12-06 01:17:53,397 Ingreso a procesar
2021-12-06 01:17:53,541 Ingreso a procesar
2021-12-06 01:17:53,666 Ingreso a procesar
2021-12-06 01:17:53,781 Ingreso a procesar
2021-12-06 01:17:53,901 Ingreso a procesar
2021-12-06 01:17:54,044 Ingreso a procesar
2021-12-06 01:17:54,161 Ingreso a procesar
2021-12-06 01:17:54,281 Ingreso a procesar
2021-12-06 01:17:54,408 Ingreso a procesar
2021-12-06 01:17:54,552 Ingreso a procesar
2021-12-06 01:17:54,672 Ingreso a procesar
2021-12-06 01:17:54,787 Ingreso a procesar
2021-12-06 01:17:54,900 Ingreso a procesar
2021-12-06 01:17:55,017 Ingreso a procesar
2021-12-06 01:17:55,153 Ingreso a procesar
2021-12-06 01:17:55,254 Ingreso a procesar
2021-12-06 01:17:55,348 Ingreso a procesar
2021-12-06 01:17:55,441 Ingreso a procesar
2021-12-06 01:17:55,551 Ingreso a procesar
2021-12-06 01:17:55,649 Ingreso a procesar
2021-12-06 01:17:55,744 Ingreso a procesar
2021-12-06 01:17:55,839 Ingreso a procesar
2021-12-06 01:17:55,935 Ingreso a procesar
2021-12-06 01:17:56,028 Ingreso a procesar
2021-12-06 01:17:56,132 Ingreso a procesar
2021-12-06 01:17:56,229 Ingreso a procesar
2021-12-06 01:17:56,329 Ingreso a procesar
2021-12-06 01:17:56,429 Ingreso a procesar
2021-12-06 01:17:56,543 Ingreso a procesar
2021-12-06 01:17:56,641 Ingreso a procesar
2021-12-06 01:17:56,758 Ingreso a procesar
2021-12-06 01:17:56,865 Ingreso a procesar
2021-12-06 01:17:56,961 Ingreso a procesar
2021-12-06 01:17:57,059 Ingreso a procesar
2021-12-06 01:17:57,161 Ingreso a procesar
2021-12-06 01:17:57,255 Ingreso a procesar
2021-12-06 01:17:57,355 Ingreso a procesar
2021-12-06 01:17:57,453 Ingreso a procesar
2021-12-06 01:17:57,687 Ingreso a procesar
2021-12-06 01:17:57,872 Ingreso a procesar
2021-12-06 01:17:58,013 Ingreso a procesar
2021-12-06 01:17:58,150 Ingreso a procesar
2021-12-06 01:17:58,344 Ingreso a procesar
2021-12-06 01:17:58,531 Ingreso a procesar
2021-12-06 01:17:58,698 Ingreso a procesar
2021-12-06 01:17:58,851 Ingreso a procesar
2021-12-06 01:17:58,998 Ingreso a procesar
2021-12-06 01:17:59,137 Ingreso a procesar
2021-12-06 01:17:59,241 Termino de marcar la deteccion Mascarilla correcta
2021-12-06 01:18:00,252 Making request: POST https://oauth2.googleapis.com/token
2021-12-06 01:18:00,275 Starting new HTTPS connection (1): oauth2.googleapis.com:443
2021-12-06 01:18:00,729 https://oauth2.googleapis.com:443 "POST /token HTTP/1.1" 200 None
2021-12-06 01:18:00,741 Starting new HTTPS connection (1): utplcovid-default-rtdb.firebaseio.com:443
2021-12-06 01:18:01,639 https://utplcovid-default-rtdb.firebaseio.com:443 "POST /facemask.json HTTP/1.1" 200 31
2021-12-06 01:18:01,639 Termino de publicar resultados cloud Mascarilla correcta 0.0
2021-12-06 01:18:01,645 Ingreso a procesar
2021-12-06 01:18:01,734 Termino de marcar la deteccion Mascarilla correcta
2021-12-06 01:18:03,066 https://utplcovid-default-rtdb.firebaseio.com:443 "POST /facemask.json HTTP/1.1" 200 31
2021-12-06 01:18:03,067 Termino de publicar resultados cloud Mascarilla correcta 0.0
2021-12-06 01:18:03,076 Ingreso a procesar
2021-12-06 01:18:03,168 Ingreso a procesar
2021-12-06 01:18:03,260 Ingreso a procesar
2021-12-06 01:18:03,354 Ingreso a procesar
2021-12-06 01:18:03,454 Ingreso a procesar
2021-12-06 01:18:03,547 Termino de marcar la deteccion Mascarilla correcta
2021-12-06 01:18:04,795 https://utplcovid-default-rtdb.firebaseio.com:443 "POST /facemask.json HTTP/1.1" 200 31
2021-12-06 01:18:04,796 Termino de publicar resultados cloud Mascarilla correcta 0.0
2021-12-06 01:18:04,808 Ingreso a procesar
2021-12-06 01:18:04,899 Termino de marcar la deteccion Mascarilla correcta
2021-12-06 01:18:06,183 https://utplcovid-default-rtdb.firebaseio.com:443 "POST /facemask.json HTTP/1.1" 200 31
2021-12-06 01:18:06,184 Termino de publicar resultados cloud Mascarilla correcta 0.0
2021-12-06 01:18:06,204 Ingreso a procesar
2021-12-06 01:18:06,311 Ingreso a procesar
2021-12-06 01:18:06,403 Ingreso a procesar
2021-12-06 01:18:06,505 Ingreso a procesar
2021-12-06 01:18:06,602 Ingreso a procesar
2021-12-06 01:18:06,705 Ingreso a procesar
2021-12-06 01:18:06,801 Ingreso a procesar
2021-12-06 01:18:06,900 Ingreso a procesar
2021-12-06 01:18:06,996 Ingreso a procesar
2021-12-06 01:18:07,097 Ingreso a procesar
2021-12-06 01:18:07,190 Ingreso a procesar
2021-12-06 01:18:07,304 Ingreso a procesar
2021-12-06 01:18:07,398 Ingreso a procesar
2021-12-06 01:18:07,501 Ingreso a procesar
2021-12-06 01:18:07,600 Ingreso a procesar
2021-12-06 01:18:07,705 Ingreso a procesar
2021-12-06 01:18:07,796 Ingreso a procesar
2021-12-06 01:18:07,917 Ingreso a procesar
2021-12-06 01:18:08,020 Ingreso a procesar
2021-12-06 01:18:08,121 Ingreso a procesar
2021-12-06 01:18:08,213 Ingreso a procesar
2021-12-06 01:18:08,306 Ingreso a procesar
2021-12-06 01:18:08,397 Ingreso a procesar
2021-12-06 01:18:08,500 Ingreso a procesar
2021-12-06 01:18:08,595 Ingreso a procesar
2021-12-06 01:18:08,702 Ingreso a procesar
2021-12-06 01:18:08,792 Ingreso a procesar
2021-12-06 01:18:08,890 Ingreso a procesar
2021-12-06 01:18:08,988 Ingreso a procesar
2021-12-06 01:18:09,091 Ingreso a procesar
2021-12-06 01:18:09,195 Ingreso a procesar
2021-12-06 01:18:09,294 Ingreso a procesar
2021-12-06 01:18:09,388 Ingreso a procesar
2021-12-06 01:18:09,495 Ingreso a procesar
2021-12-06 01:18:09,592 Ingreso a procesar
2021-12-06 01:18:09,702 Ingreso a procesar
2021-12-06 01:18:09,794 Ingreso a procesar
2021-12-06 01:18:09,935 Ingreso a procesar
2021-12-06 01:18:10,049 Ingreso a procesar
2021-12-06 01:18:10,168 Ingreso a procesar
2021-12-06 01:18:10,280 Ingreso a procesar
2021-12-06 01:18:10,392 Ingreso a procesar
2021-12-06 01:18:10,549 Ingreso a procesar
2021-12-06 01:18:10,670 Ingreso a procesar
2021-12-06 01:18:10,793 Ingreso a procesar
2021-12-06 01:18:10,906 Ingreso a procesar
2021-12-06 01:18:11,040 Ingreso a procesar
2021-12-06 01:18:11,134 Ingreso a procesar
2021-12-06 01:18:11,228 Ingreso a procesar
2021-12-06 01:18:11,320 Ingreso a procesar
2021-12-06 01:18:11,413 Ingreso a procesar
2021-12-06 01:18:11,524 Ingreso a procesar
2021-12-06 01:18:11,627 Ingreso a procesar
2021-12-06 01:18:11,736 Ingreso a procesar
2021-12-06 01:18:11,834 Ingreso a procesar
2021-12-06 01:18:11,927 Ingreso a procesar
2021-12-06 01:18:12,025 Ingreso a procesar
2021-12-06 01:18:12,126 Ingreso a procesar
2021-12-06 01:18:12,219 Ingreso a procesar
2021-12-06 01:18:12,312 Ingreso a procesar
2021-12-06 01:18:12,402 Ingreso a procesar
2021-12-06 01:18:12,507 Ingreso a procesar
2021-12-06 01:18:12,604 Ingreso a procesar
2021-12-06 01:18:12,718 Ingreso a procesar
2021-12-06 01:18:12,816 Ingreso a procesar
2021-12-06 01:18:12,913 Ingreso a procesar
2021-12-06 01:18:13,010 Ingreso a procesar
2021-12-06 01:18:13,113 Ingreso a procesar
2021-12-06 01:18:13,207 Ingreso a procesar
2021-12-06 01:18:13,300 Ingreso a procesar
2021-12-06 01:18:13,411 Ingreso a procesar
2021-12-06 01:18:13,516 Ingreso a procesar
2021-12-06 01:18:13,633 Ingreso a procesar
2021-12-06 01:18:13,743 Ingreso a procesar
2021-12-06 01:18:13,866 Ingreso a procesar
2021-12-06 01:18:13,984 Ingreso a procesar
2021-12-06 01:18:14,107 Ingreso a procesar
2021-12-06 01:18:14,223 Ingreso a procesar
2021-12-06 01:18:14,324 Ingreso a procesar
2021-12-06 01:18:14,432 Ingreso a procesar
2021-12-06 01:18:14,571 Ingreso a procesar
2021-12-06 01:18:14,690 Ingreso a procesar
2021-12-06 01:18:14,823 Ingreso a procesar
2021-12-06 01:18:14,943 Ingreso a procesar
2021-12-06 01:18:15,098 Ingreso a procesar
2021-12-06 01:18:15,231 Ingreso a procesar
2021-12-06 01:18:15,364 Ingreso a procesar
2021-12-06 01:18:15,514 Ingreso a procesar
2021-12-06 01:18:15,638 Ingreso a procesar
2021-12-06 01:18:15,742 Ingreso a procesar
2021-12-06 01:18:15,870 Ingreso a procesar
2021-12-06 01:18:15,970 Ingreso a procesar
2021-12-06 01:18:16,110 Ingreso a procesar
2021-12-06 01:18:16,255 Ingreso a procesar
2021-12-06 01:18:16,432 Ingreso a procesar
2021-12-06 01:18:16,588 Ingreso a procesar
2021-12-06 01:18:16,735 Ingreso a procesar
2021-12-06 01:18:16,853 Ingreso a procesar
2021-12-06 01:18:16,966 Ingreso a procesar
2021-12-06 01:18:17,079 Ingreso a procesar
2021-12-06 01:18:17,180 Ingreso a procesar
2021-12-06 01:18:17,279 Ingreso a procesar
2021-12-06 01:18:17,388 Ingreso a procesar
2021-12-06 01:18:17,590 Ingreso a procesar
2021-12-06 01:18:17,714 Ingreso a procesar
